Build started 30-Nov-15 3:51:47 PM.
     1>Project "C:\Users\user\documents\visual studio 2015\Projects\SPManager\SPManager\SPManager.vcxproj" on node 2 (Build target(s)).
     1>ClCompile:
         C:\Program Files (x86)\Microsoft Visual Studio 14.0\VC\bin\CL.exe /c /ZI /nologo /W3 /WX- /sdl /Od /Oy- /D WIN32 /D _DEBUG /D _CONSOLE /D _WINDLL /D _UNICODE /D UNICODE /D _CRT_SECURE_NO_WARNINGS /Gm /EHsc /RTC1 /MDd /GS /fp:precise /Zc:wchar_t /Zc:forScope /Zc:inline /Fo"Debug\\" /Fd"Debug\vc140.pdb" /Gd /TC /analyze- /errorReport:prompt mmemory.c
         mmemory.c
     1>c:\users\user\documents\visual studio 2015\projects\spmanager\spmanager\mmemory.c(34): warning C4018: '<': signed/unsigned mismatch
     1>c:\users\user\documents\visual studio 2015\projects\spmanager\spmanager\mmemory.c(68): warning C4028: formal parameter 2 different from declaration
     1>c:\users\user\documents\visual studio 2015\projects\spmanager\spmanager\mmemory.c(124): warning C4018: '<': signed/unsigned mismatch
     1>c:\users\user\documents\visual studio 2015\projects\spmanager\spmanager\mmemory.c(136): warning C4047: '=': 'char' differs in levels of indirection from 'VA'
     1>c:\users\user\documents\visual studio 2015\projects\spmanager\spmanager\mmemory.c(167): warning C4018: '<': signed/unsigned mismatch
     1>c:\users\user\documents\visual studio 2015\projects\spmanager\spmanager\mmemory.c(228): warning C4033: 'preparePage' must return a value
     1>c:\users\user\documents\visual studio 2015\projects\spmanager\spmanager\mmemory.c(236): warning C4018: '<': signed/unsigned mismatch
     1>c:\users\user\documents\visual studio 2015\projects\spmanager\spmanager\mmemory.c(290): warning C4018: '<': signed/unsigned mismatch
     1>c:\users\user\documents\visual studio 2015\projects\spmanager\spmanager\mmemory.c(292): warning C4047: 'function': 'VA' differs in levels of indirection from 'unsigned long'
     1>c:\users\user\documents\visual studio 2015\projects\spmanager\spmanager\mmemory.c(292): warning C4024: 'write': different types for formal and actual parameter 1
     1>c:\users\user\documents\visual studio 2015\projects\spmanager\spmanager\mmemory.c(313): warning C4018: '<': signed/unsigned mismatch
     1>c:\users\user\documents\visual studio 2015\projects\spmanager\spmanager\mmemory.c(314): warning C4047: 'function': 'VA' differs in levels of indirection from 'unsigned long'
     1>c:\users\user\documents\visual studio 2015\projects\spmanager\spmanager\mmemory.c(314): warning C4024: 'read': different types for formal and actual parameter 1
     1>c:\users\user\documents\visual studio 2015\projects\spmanager\spmanager\mmemory.c(494): warning C4013: 'strcmp' undefined; assuming extern returning int
     1>c:\users\user\documents\visual studio 2015\projects\spmanager\spmanager\mmemory.c(481): warning C4101: 'result': unreferenced local variable
     1>c:\users\user\documents\visual studio 2015\projects\spmanager\spmanager\mmemory.c(261): warning C4716: 'preparePage': must return a value
       Link:
         C:\Program Files (x86)\Microsoft Visual Studio 14.0\VC\bin\link.exe /ERRORREPORT:PROMPT /OUT:"C:\Users\user\documents\visual studio 2015\Projects\SPManager\Debug\SPManager.dll" /INCREMENTAL /NOLOGO kernel32.lib user32.lib gdi32.lib winspool.lib comdlg32.lib advapi32.lib shell32.lib ole32.lib oleaut32.lib uuid.lib odbc32.lib odbccp32.lib /MANIFEST /MANIFESTUAC:"level='asInvoker' uiAccess='false'" /manifest:embed /Debug /PDB:"C:\Users\user\documents\visual studio 2015\Projects\SPManager\Debug\SPManager.pdb" /SUBSYSTEM:CONSOLE /TLBID:1 /DYNAMICBASE /NXCOMPAT /IMPLIB:"C:\Users\user\documents\visual studio 2015\Projects\SPManager\Debug\SPManager.lib" /MACHINE:X86 /DLL Debug\mmemory.obj
         SPManager.vcxproj -> C:\Users\user\documents\visual studio 2015\Projects\SPManager\Debug\SPManager.dll
     1>Done Building Project "C:\Users\user\documents\visual studio 2015\Projects\SPManager\SPManager\SPManager.vcxproj" (Build target(s)).

Build succeeded.

Time Elapsed 00:00:01.01
