Build started 02-Dec-15 7:44:15 PM.
     1>Project "C:\Users\user\documents\visual studio 2015\Projects\SPManager\Manager\Manager.vcxproj" on node 2 (Build target(s)).
     1>ClCompile:
         C:\Program Files (x86)\Microsoft Visual Studio 14.0\VC\bin\CL.exe /c /ZI /nologo /W3 /WX- /Od /Oy- /D WIN32 /D _DEBUG /D _WINDOWS /D _USRDLL /D MANAGER_EXPORTS /D _WINDLL /D _UNICODE /D UNICODE /Gm /EHsc /RTC1 /MDd /GS /fp:precise /Zc:wchar_t /Zc:forScope /Zc:inline /Fo"Debug\\" /Fd"Debug\vc140.pdb" /Gd /TC /analyze- /errorReport:prompt mmemory.c
         mmemory.c
     1>c:\users\user\documents\visual studio 2015\projects\spmanager\manager\mmemory.c(48): warning C4018: '<': signed/unsigned mismatch
     1>c:\users\user\documents\visual studio 2015\projects\spmanager\manager\mmemory.c(63): warning C4996: 'fopen': This function or variable may be unsafe. Consider using fopen_s instead. To disable deprecation, use _CRT_SECURE_NO_WARNINGS. See online help for details.
         c:\program files (x86)\windows kits\10\include\10.0.10150.0\ucrt\stdio.h(205): note: see declaration of 'fopen'
     1>c:\users\user\documents\visual studio 2015\projects\spmanager\manager\mmemory.c(67): warning C4028: formal parameter 2 different from declaration
     1>c:\users\user\documents\visual studio 2015\projects\spmanager\manager\mmemory.c(95): warning C4028: formal parameter 1 different from declaration
     1>c:\users\user\documents\visual studio 2015\projects\spmanager\manager\mmemory.c(102): warning C4018: '<': signed/unsigned mismatch
     1>c:\users\user\documents\visual studio 2015\projects\spmanager\manager\mmemory.c(145): warning C4033: 'preparePage' must return a value
     1>c:\users\user\documents\visual studio 2015\projects\spmanager\manager\mmemory.c(154): warning C4018: '<': signed/unsigned mismatch
     1>c:\users\user\documents\visual studio 2015\projects\spmanager\manager\mmemory.c(197): warning C4018: '<': signed/unsigned mismatch
     1>c:\users\user\documents\visual studio 2015\projects\spmanager\manager\mmemory.c(199): warning C4047: 'function': 'VA' differs in levels of indirection from 'int'
     1>c:\users\user\documents\visual studio 2015\projects\spmanager\manager\mmemory.c(199): warning C4024: 'write': different types for formal and actual parameter 1
     1>c:\users\user\documents\visual studio 2015\projects\spmanager\manager\mmemory.c(212): warning C4018: '<': signed/unsigned mismatch
     1>c:\users\user\documents\visual studio 2015\projects\spmanager\manager\mmemory.c(214): warning C4047: 'function': 'VA' differs in levels of indirection from 'unsigned long'
     1>c:\users\user\documents\visual studio 2015\projects\spmanager\manager\mmemory.c(214): warning C4024: 'write': different types for formal and actual parameter 1
     1>c:\users\user\documents\visual studio 2015\projects\spmanager\manager\mmemory.c(230): warning C4018: '<': signed/unsigned mismatch
     1>c:\users\user\documents\visual studio 2015\projects\spmanager\manager\mmemory.c(232): warning C4047: 'function': 'VA' differs in levels of indirection from 'int'
     1>c:\users\user\documents\visual studio 2015\projects\spmanager\manager\mmemory.c(232): warning C4024: 'read': different types for formal and actual parameter 1
     1>c:\users\user\documents\visual studio 2015\projects\spmanager\manager\mmemory.c(245): warning C4018: '<': signed/unsigned mismatch
     1>c:\users\user\documents\visual studio 2015\projects\spmanager\manager\mmemory.c(246): warning C4047: 'function': 'VA' differs in levels of indirection from 'unsigned long'
     1>c:\users\user\documents\visual studio 2015\projects\spmanager\manager\mmemory.c(246): warning C4024: 'read': different types for formal and actual parameter 1
     1>c:\users\user\documents\visual studio 2015\projects\spmanager\manager\mmemory.c(175): warning C4716: 'preparePage': must return a value
       Link:
         C:\Program Files (x86)\Microsoft Visual Studio 14.0\VC\bin\link.exe /ERRORREPORT:PROMPT /OUT:"C:\Users\user\documents\visual studio 2015\Projects\SPManager\Debug\Manager.dll" /INCREMENTAL /NOLOGO kernel32.lib user32.lib gdi32.lib winspool.lib comdlg32.lib advapi32.lib shell32.lib ole32.lib oleaut32.lib uuid.lib odbc32.lib odbccp32.lib /MANIFEST /MANIFESTUAC:"level='asInvoker' uiAccess='false'" /manifest:embed /Debug /PDB:"C:\Users\user\documents\visual studio 2015\Projects\SPManager\Debug\Manager.pdb" /SUBSYSTEM:WINDOWS /TLBID:1 /DYNAMICBASE /NXCOMPAT /IMPLIB:"C:\Users\user\documents\visual studio 2015\Projects\SPManager\Debug\Manager.lib" /MACHINE:X86 /DLL Debug\mmemory.obj
         Manager.vcxproj -> C:\Users\user\documents\visual studio 2015\Projects\SPManager\Debug\Manager.dll
     1>Done Building Project "C:\Users\user\documents\visual studio 2015\Projects\SPManager\Manager\Manager.vcxproj" (Build target(s)).

Build succeeded.

Time Elapsed 00:00:01.77
